Using pre-set license
Built from '2020.3/staging' branch; Version is '2020.3.5f1 (8095aa901b9b) revision 8426922'; Using compiler version '192528614'; Build Type 'Release'
OS: 'Windows 10 Home; OS build 19042.985; Version 2009; 64bit' Language: 'en' Physical Memory: 16332 MB
BatchMode: 1, IsHumanControllingUs: 0, StartBugReporterOnCrash: 0, Is64bit: 1, IsPro: 0

 COMMAND LINE ARGUMENTS:
C:\Program Files\Unity\Hub\Editor\2020.3.5f1\Editor\Unity.exe
-adb2
-batchMode
-noUpm
-name
AssetImportWorker0
-projectPath
D:/Unity Projects/RPG Project
-logFile
Logs/AssetImportWorker0.log
-srvPort
57229
Successfully changed project path to: D:/Unity Projects/RPG Project
D:/Unity Projects/RPG Project
Using Asset Import Pipeline V2.
Refreshing native plugins compatible for Editor in 16.06 ms, found 0 plugins.
Preloading 0 native plugins for Editor in 0.00 ms.
Initialize engine version: 2020.3.5f1 (8095aa901b9b)
[Subsystems] Discovering subsystems at path C:/Program Files/Unity/Hub/Editor/2020.3.5f1/Editor/Data/Resources/UnitySubsystems
[Subsystems] Discovering subsystems at path D:/Unity Projects/RPG Project/Assets
GfxDevice: creating device client; threaded=0
Direct3D:
    Version:  Direct3D 11.0 [level 11.1]
    Renderer: NVIDIA GeForce RTX 3070 (ID=0x2484)
    Vendor:   
    VRAM:     8043 MB
    Driver:   27.21.14.6611
Initialize mono
Mono path[0] = 'C:/Program Files/Unity/Hub/Editor/2020.3.5f1/Editor/Data/Managed'
Mono path[1] = 'C:/Program Files/Unity/Hub/Editor/2020.3.5f1/Editor/Data/MonoBleedingEdge/lib/mono/unityjit'
Mono config path = 'C:/Program Files/Unity/Hub/Editor/2020.3.5f1/Editor/Data/MonoBleedingEdge/etc'
Using monoOptions --debugger-agent=transport=dt_socket,embedding=1,server=y,suspend=n,address=127.0.0.1:56568
Begin MonoManager ReloadAssembly
Registering precompiled unity dll's ...
Register platform support module: C:/Program Files/Unity/Hub/Editor/2020.3.5f1/Editor/Data/PlaybackEngines/WindowsStandaloneSupport/UnityEditor.WindowsStandalone.Extensions.dll
Registered in 0.001241 seconds.
Native extension for WindowsStandalone target not found
Refreshing native plugins compatible for Editor in 15.91 ms, found 0 plugins.
Preloading 0 native plugins for Editor in 0.00 ms.
Mono: successfully reloaded assembly
- Completed reload, in  0.662 seconds
Platform modules already initialized, skipping
Registering precompiled user dll's ...
Registered in 0.000315 seconds.
Begin MonoManager ReloadAssembly
Native extension for WindowsStandalone target not found
Refreshing native plugins compatible for Editor in 0.19 ms, found 0 plugins.
Preloading 0 native plugins for Editor in 0.00 ms.
Mono: successfully reloaded assembly
- Completed reload, in  0.498 seconds
Platform modules already initialized, skipping
========================================================================
Worker process is ready to serve import requests
Launched and connected shader compiler UnityShaderCompiler.exe after 0.03 seconds
Refreshing native plugins compatible for Editor in 0.22 ms, found 0 plugins.
Preloading 0 native plugins for Editor in 0.00 ms.
Unloading 1193 Unused Serialized files (Serialized files now loaded: 0)
System memory in use before: 71.4 MB.
System memory in use after: 71.4 MB.

Unloading 9 unused Assets to reduce memory usage. Loaded Objects now: 1653.
Total: 1.491100 ms (FindLiveObjects: 0.131700 ms CreateObjectMapping: 0.043300 ms MarkObjects: 1.271400 ms  DeleteObjects: 0.043800 ms)

========================================================================
Received Import Request.
  path: Assets/Animation/Player/ANI_PlayerCastSpell.fbx
  artifactKey: Guid(a251b039d5b8aa94a97b57e27538922e) Importer(815301076,1909f56bfc062723c751e8b465ee728b)
Start importing Assets/Animation/Player/ANI_PlayerCastSpell.fbx using Guid(a251b039d5b8aa94a97b57e27538922e) Importer(815301076,1909f56bfc062723c751e8b465ee728b)  -> (artifact id: 'e8efb3dc382ec44d218beb8d92806bcc') in 0.054095 seconds
  Import took 0.055651 seconds .

========================================================================
Received Import Request.
  Time since last request: 0.000151 seconds.
  path: Assets/Texture/Player/Kachujin/Kachujin_diffuse.png
  artifactKey: Guid(29d2db15fdc8fd744afd417ab6669362) Importer(815301076,1909f56bfc062723c751e8b465ee728b)
Start importing Assets/Texture/Player/Kachujin/Kachujin_diffuse.png using Guid(29d2db15fdc8fd744afd417ab6669362) Importer(815301076,1909f56bfc062723c751e8b465ee728b)  -> (artifact id: '34ba9c553fd53eb3dad91669993479f6') in 0.083213 seconds
  Import took 0.084598 seconds .

========================================================================
Received Import Request.
  Time since last request: 0.000111 seconds.
  path: Assets/Texture/Player/Kachujin/Kachujin_specular.png
  artifactKey: Guid(02e66d46afa81634197380b7509cfb10) Importer(815301076,1909f56bfc062723c751e8b465ee728b)
Start importing Assets/Texture/Player/Kachujin/Kachujin_specular.png using Guid(02e66d46afa81634197380b7509cfb10) Importer(815301076,1909f56bfc062723c751e8b465ee728b)  -> (artifact id: '6f271692216e6fdd9910ff40811eea26') in 0.049255 seconds
  Import took 0.050691 seconds .

========================================================================
Received Prepare
Registering precompiled user dll's ...
Registered in 0.000257 seconds.
Begin MonoManager ReloadAssembly
Native extension for WindowsStandalone target not found
Refreshing native plugins compatible for Editor in 0.20 ms, found 0 plugins.
Preloading 0 native plugins for Editor in 0.00 ms.
Mono: successfully reloaded assembly
- Completed reload, in  0.489 seconds
Platform modules already initialized, skipping
Refreshing native plugins compatible for Editor in 0.20 ms, found 0 plugins.
Preloading 0 native plugins for Editor in 0.00 ms.
Unloading 1187 Unused Serialized files (Serialized files now loaded: 0)
System memory in use before: 71.3 MB.
System memory in use after: 71.4 MB.

Unloading 4 unused Assets to reduce memory usage. Loaded Objects now: 1658.
Total: 1.339000 ms (FindLiveObjects: 0.116900 ms CreateObjectMapping: 0.027200 ms MarkObjects: 1.183900 ms  DeleteObjects: 0.010300 ms)

========================================================================
Received Prepare
Registering precompiled user dll's ...
Registered in 0.000271 seconds.
Begin MonoManager ReloadAssembly
Native extension for WindowsStandalone target not found
Refreshing native plugins compatible for Editor in 0.21 ms, found 0 plugins.
Preloading 0 native plugins for Editor in 0.00 ms.
Mono: successfully reloaded assembly
- Completed reload, in  0.474 seconds
Platform modules already initialized, skipping
Refreshing native plugins compatible for Editor in 0.20 ms, found 0 plugins.
Preloading 0 native plugins for Editor in 0.00 ms.
Unloading 1187 Unused Serialized files (Serialized files now loaded: 0)
System memory in use before: 71.3 MB.
System memory in use after: 71.4 MB.

Unloading 4 unused Assets to reduce memory usage. Loaded Objects now: 1661.
Total: 1.481600 ms (FindLiveObjects: 0.172700 ms CreateObjectMapping: 0.027300 ms MarkObjects: 1.271100 ms  DeleteObjects: 0.009600 ms)

========================================================================
Received Import Request.
  Time since last request: 758.067710 seconds.
  path: Assets/Scripts/Extension/CustomLog.cs
  artifactKey: Guid(817d0f2e0ef525f4ea2a6d2e63b6b83c) Importer(815301076,1909f56bfc062723c751e8b465ee728b)
Start importing Assets/Scripts/Extension/CustomLog.cs using Guid(817d0f2e0ef525f4ea2a6d2e63b6b83c) Importer(815301076,1909f56bfc062723c751e8b465ee728b)  -> (artifact id: '7d2292407682a43c8719e8496459e78b') in 0.008686 seconds
  Import took 0.010397 seconds .

========================================================================
Received Import Request.
  Time since last request: 0.012460 seconds.
  path: Assets/Scripts/Extension/CustomLog.cs
  artifactKey: Guid(817d0f2e0ef525f4ea2a6d2e63b6b83c) Importer(815301076,1909f56bfc062723c751e8b465ee728b)
Start importing Assets/Scripts/Extension/CustomLog.cs using Guid(817d0f2e0ef525f4ea2a6d2e63b6b83c) Importer(815301076,1909f56bfc062723c751e8b465ee728b)  -> (artifact id: '7d2292407682a43c8719e8496459e78b') in 0.001042 seconds
  Import took 0.002240 seconds .

========================================================================
Received Import Request.
  Time since last request: 3.598077 seconds.
  path: Assets/Scripts/Extension/SearchablePopup.cs
  artifactKey: Guid(1436cf5d1b8a13d448e3a5088019c436) Importer(815301076,1909f56bfc062723c751e8b465ee728b)
Start importing Assets/Scripts/Extension/SearchablePopup.cs using Guid(1436cf5d1b8a13d448e3a5088019c436) Importer(815301076,1909f56bfc062723c751e8b465ee728b)  -> (artifact id: '5ac4f38bc379f46fdd239369920ba495') in 0.004025 seconds
  Import took 0.005594 seconds .

========================================================================
Received Import Request.
  Time since last request: 0.275767 seconds.
  path: Assets/Scripts/Extension/Utility.cs
  artifactKey: Guid(ef087353105b19c44a34bddeed28d39c) Importer(815301076,1909f56bfc062723c751e8b465ee728b)
Start importing Assets/Scripts/Extension/Utility.cs using Guid(ef087353105b19c44a34bddeed28d39c) Importer(815301076,1909f56bfc062723c751e8b465ee728b)  -> (artifact id: '60b69a28e52704f9f9574270a12d1379') in 0.004002 seconds
  Import took 0.005529 seconds .

========================================================================
Received Prepare
Registering precompiled user dll's ...
Registered in 0.000300 seconds.
Begin MonoManager ReloadAssembly
Native extension for WindowsStandalone target not found
Refreshing native plugins compatible for Editor in 0.20 ms, found 0 plugins.
Preloading 0 native plugins for Editor in 0.00 ms.
Mono: successfully reloaded assembly
- Completed reload, in  0.480 seconds
Platform modules already initialized, skipping
Refreshing native plugins compatible for Editor in 0.19 ms, found 0 plugins.
Preloading 0 native plugins for Editor in 0.00 ms.
Unloading 1187 Unused Serialized files (Serialized files now loaded: 0)
System memory in use before: 71.3 MB.
System memory in use after: 71.4 MB.

Unloading 4 unused Assets to reduce memory usage. Loaded Objects now: 1664.
Total: 1.362500 ms (FindLiveObjects: 0.112100 ms CreateObjectMapping: 0.028800 ms MarkObjects: 1.211300 ms  DeleteObjects: 0.009500 ms)

========================================================================
Received Import Request.
  Time since last request: 171.787462 seconds.
  path: Assets/Scripts/Extension/Utility.cs
  artifactKey: Guid(ef087353105b19c44a34bddeed28d39c) Importer(815301076,1909f56bfc062723c751e8b465ee728b)
Start importing Assets/Scripts/Extension/Utility.cs using Guid(ef087353105b19c44a34bddeed28d39c) Importer(815301076,1909f56bfc062723c751e8b465ee728b)  -> (artifact id: '5b0751994f651e569d78f01031cf2540') in 0.002936 seconds
  Import took 0.004397 seconds .

========================================================================
Received Prepare
Registering precompiled user dll's ...
Registered in 0.000272 seconds.
Begin MonoManager ReloadAssembly
Native extension for WindowsStandalone target not found
Refreshing native plugins compatible for Editor in 0.20 ms, found 0 plugins.
Preloading 0 native plugins for Editor in 0.00 ms.
Mono: successfully reloaded assembly
- Completed reload, in  0.475 seconds
Platform modules already initialized, skipping
Refreshing native plugins compatible for Editor in 0.21 ms, found 0 plugins.
Preloading 0 native plugins for Editor in 0.00 ms.
Unloading 1187 Unused Serialized files (Serialized files now loaded: 0)
System memory in use before: 71.4 MB.
System memory in use after: 71.5 MB.

Unloading 4 unused Assets to reduce memory usage. Loaded Objects now: 1667.
Total: 1.494700 ms (FindLiveObjects: 0.165300 ms CreateObjectMapping: 0.030900 ms MarkObjects: 1.289000 ms  DeleteObjects: 0.008800 ms)

========================================================================
Received Prepare
Registering precompiled user dll's ...
Registered in 0.000273 seconds.
Begin MonoManager ReloadAssembly
Native extension for WindowsStandalone target not found
Refreshing native plugins compatible for Editor in 0.21 ms, found 0 plugins.
Preloading 0 native plugins for Editor in 0.00 ms.
Mono: successfully reloaded assembly
- Completed reload, in  0.486 seconds
Platform modules already initialized, skipping
Refreshing native plugins compatible for Editor in 0.20 ms, found 0 plugins.
Preloading 0 native plugins for Editor in 0.00 ms.
Unloading 1187 Unused Serialized files (Serialized files now loaded: 0)
System memory in use before: 71.4 MB.
System memory in use after: 71.5 MB.

Unloading 4 unused Assets to reduce memory usage. Loaded Objects now: 1670.
Total: 1.299300 ms (FindLiveObjects: 0.123600 ms CreateObjectMapping: 0.026500 ms MarkObjects: 1.138000 ms  DeleteObjects: 0.010500 ms)

========================================================================
Received Prepare
Registering precompiled user dll's ...
Registered in 0.000323 seconds.
Begin MonoManager ReloadAssembly
Native extension for WindowsStandalone target not found
Refreshing native plugins compatible for Editor in 0.21 ms, found 0 plugins.
Preloading 0 native plugins for Editor in 0.00 ms.
Mono: successfully reloaded assembly
- Completed reload, in  0.474 seconds
Platform modules already initialized, skipping
Refreshing native plugins compatible for Editor in 0.20 ms, found 0 plugins.
Preloading 0 native plugins for Editor in 0.00 ms.
Unloading 1187 Unused Serialized files (Serialized files now loaded: 0)
System memory in use before: 71.4 MB.
System memory in use after: 71.5 MB.

Unloading 4 unused Assets to reduce memory usage. Loaded Objects now: 1673.
Total: 1.313500 ms (FindLiveObjects: 0.121500 ms CreateObjectMapping: 0.025800 ms MarkObjects: 1.156800 ms  DeleteObjects: 0.008800 ms)

========================================================================
Received Prepare
Registering precompiled user dll's ...
Registered in 0.000258 seconds.
Begin MonoManager ReloadAssembly
Native extension for WindowsStandalone target not found
Refreshing native plugins compatible for Editor in 0.20 ms, found 0 plugins.
Preloading 0 native plugins for Editor in 0.00 ms.
Mono: successfully reloaded assembly
- Completed reload, in  0.468 seconds
Platform modules already initialized, skipping
Refreshing native plugins compatible for Editor in 0.20 ms, found 0 plugins.
Preloading 0 native plugins for Editor in 0.00 ms.
Unloading 1187 Unused Serialized files (Serialized files now loaded: 0)
System memory in use before: 71.4 MB.
System memory in use after: 71.5 MB.

Unloading 4 unused Assets to reduce memory usage. Loaded Objects now: 1676.
Total: 1.393000 ms (FindLiveObjects: 0.184900 ms CreateObjectMapping: 0.046700 ms MarkObjects: 1.151500 ms  DeleteObjects: 0.009300 ms)

========================================================================
Received Prepare
Registering precompiled user dll's ...
Registered in 0.000273 seconds.
Begin MonoManager ReloadAssembly
Native extension for WindowsStandalone target not found
Refreshing native plugins compatible for Editor in 0.20 ms, found 0 plugins.
Preloading 0 native plugins for Editor in 0.00 ms.
Mono: successfully reloaded assembly
- Completed reload, in  0.471 seconds
Platform modules already initialized, skipping
Refreshing native plugins compatible for Editor in 0.19 ms, found 0 plugins.
Preloading 0 native plugins for Editor in 0.00 ms.
Unloading 1187 Unused Serialized files (Serialized files now loaded: 0)
System memory in use before: 71.4 MB.
System memory in use after: 71.5 MB.

Unloading 4 unused Assets to reduce memory usage. Loaded Objects now: 1679.
Total: 1.147500 ms (FindLiveObjects: 0.108700 ms CreateObjectMapping: 0.022600 ms MarkObjects: 1.006400 ms  DeleteObjects: 0.009000 ms)

========================================================================
Received Prepare
Registering precompiled user dll's ...
Registered in 0.000264 seconds.
Begin MonoManager ReloadAssembly
Native extension for WindowsStandalone target not found
Refreshing native plugins compatible for Editor in 0.20 ms, found 0 plugins.
Preloading 0 native plugins for Editor in 0.00 ms.
Mono: successfully reloaded assembly
- Completed reload, in  0.471 seconds
Platform modules already initialized, skipping
Refreshing native plugins compatible for Editor in 0.20 ms, found 0 plugins.
Preloading 0 native plugins for Editor in 0.00 ms.
Unloading 1187 Unused Serialized files (Serialized files now loaded: 0)
System memory in use before: 71.4 MB.
System memory in use after: 71.5 MB.

Unloading 4 unused Assets to reduce memory usage. Loaded Objects now: 1682.
Total: 1.589800 ms (FindLiveObjects: 0.192100 ms CreateObjectMapping: 0.058100 ms MarkObjects: 1.329400 ms  DeleteObjects: 0.009400 ms)

========================================================================
Received Prepare
Registering precompiled user dll's ...
Registered in 0.000298 seconds.
Begin MonoManager ReloadAssembly
Native extension for WindowsStandalone target not found
Refreshing native plugins compatible for Editor in 0.20 ms, found 0 plugins.
Preloading 0 native plugins for Editor in 0.00 ms.
Mono: successfully reloaded assembly
- Completed reload, in  0.482 seconds
Platform modules already initialized, skipping
Refreshing native plugins compatible for Editor in 0.21 ms, found 0 plugins.
Preloading 0 native plugins for Editor in 0.00 ms.
Unloading 1187 Unused Serialized files (Serialized files now loaded: 0)
System memory in use before: 71.4 MB.
System memory in use after: 71.5 MB.

Unloading 4 unused Assets to reduce memory usage. Loaded Objects now: 1685.
Total: 1.388600 ms (FindLiveObjects: 0.169700 ms CreateObjectMapping: 0.027200 ms MarkObjects: 1.182200 ms  DeleteObjects: 0.008900 ms)

========================================================================
Received Prepare
Registering precompiled user dll's ...
Registered in 0.000290 seconds.
Begin MonoManager ReloadAssembly
Native extension for WindowsStandalone target not found
Refreshing native plugins compatible for Editor in 0.20 ms, found 0 plugins.
Preloading 0 native plugins for Editor in 0.00 ms.
Mono: successfully reloaded assembly
- Completed reload, in  0.464 seconds
Platform modules already initialized, skipping
Refreshing native plugins compatible for Editor in 0.20 ms, found 0 plugins.
Preloading 0 native plugins for Editor in 0.00 ms.
Unloading 1187 Unused Serialized files (Serialized files now loaded: 0)
System memory in use before: 71.4 MB.
System memory in use after: 71.5 MB.

Unloading 4 unused Assets to reduce memory usage. Loaded Objects now: 1688.
Total: 1.598800 ms (FindLiveObjects: 0.130200 ms CreateObjectMapping: 0.035600 ms MarkObjects: 1.420300 ms  DeleteObjects: 0.011700 ms)

========================================================================
Received Import Request.
  Time since last request: 1151.269824 seconds.
  path: Assets/Prefab/Player/Kachujin.fbx
  artifactKey: Guid(ec4d7125795fef94cac22fef0273a7ef) Importer(815301076,1909f56bfc062723c751e8b465ee728b)
Start importing Assets/Prefab/Player/Kachujin.fbx using Guid(ec4d7125795fef94cac22fef0273a7ef) Importer(815301076,1909f56bfc062723c751e8b465ee728b)  -> (artifact id: '935e39d92367c32170ec94c5e5972547') in 0.100029 seconds
  Import took 0.107751 seconds .

========================================================================
Received Import Request.
  Time since last request: 19.078875 seconds.
  path: Assets/Prefab/CharacterDefault
  artifactKey: Guid(690e98a4a774cdc499c481e220658c78) Importer(815301076,1909f56bfc062723c751e8b465ee728b)
Start importing Assets/Prefab/CharacterDefault using Guid(690e98a4a774cdc499c481e220658c78) Importer(815301076,1909f56bfc062723c751e8b465ee728b)  -> (artifact id: '3f83947bf49f292e03a8bf24d214b880') in 0.004026 seconds
  Import took 0.006114 seconds .

========================================================================
Received Import Request.
  Time since last request: 6.074475 seconds.
  path: Assets/Prefab/Enemy
  artifactKey: Guid(c281dee915d456c4a9d73970608539d9) Importer(815301076,1909f56bfc062723c751e8b465ee728b)
Start importing Assets/Prefab/Enemy using Guid(c281dee915d456c4a9d73970608539d9) Importer(815301076,1909f56bfc062723c751e8b465ee728b)  -> (artifact id: 'ab91a96313f615d0b67b25d8f0f22e30') in 0.004324 seconds
  Import took 0.012247 seconds .

========================================================================
Received Import Request.
  Time since last request: 0.011191 seconds.
  path: Assets/Prefab/Enemy
  artifactKey: Guid(c281dee915d456c4a9d73970608539d9) Importer(815301076,1909f56bfc062723c751e8b465ee728b)
Start importing Assets/Prefab/Enemy using Guid(c281dee915d456c4a9d73970608539d9) Importer(815301076,1909f56bfc062723c751e8b465ee728b)  -> (artifact id: 'ab91a96313f615d0b67b25d8f0f22e30') in 0.001155 seconds
  Import took 0.002409 seconds .

========================================================================
Received Import Request.
  Time since last request: 3.358573 seconds.
  path: Assets/Prefab/Player/Kachujin.fbm
  artifactKey: Guid(a970568cb169a5c4da4ead2b47e6c962) Importer(815301076,1909f56bfc062723c751e8b465ee728b)
Start importing Assets/Prefab/Player/Kachujin.fbm using Guid(a970568cb169a5c4da4ead2b47e6c962) Importer(815301076,1909f56bfc062723c751e8b465ee728b)  -> (artifact id: 'b6511c6b5f9fdd35fb3fd6ba8f30f103') in 0.004057 seconds
  Import took 0.005617 seconds .

========================================================================
Received Import Request.
  Time since last request: 4.732827 seconds.
  path: Assets/Prefab/Enemy/Dummy.prefab
  artifactKey: Guid(3afbb5fb939b2974fadefbd41a531ed0) Importer(815301076,1909f56bfc062723c751e8b465ee728b)
Start importing Assets/Prefab/Enemy/Dummy.prefab using Guid(3afbb5fb939b2974fadefbd41a531ed0) Importer(815301076,1909f56bfc062723c751e8b465ee728b)  -> (artifact id: '71aab7ee025e9508b1c6e91da714f0d5') in 0.016533 seconds
  Import took 0.095184 seconds .

========================================================================
Received Import Request.
  Time since last request: 94.302286 seconds.
  path: Assets/Scripts/RPG/Base
  artifactKey: Guid(2282aa5129eea6b4186194e5b6bdb2a0) Importer(815301076,1909f56bfc062723c751e8b465ee728b)
Start importing Assets/Scripts/RPG/Base using Guid(2282aa5129eea6b4186194e5b6bdb2a0) Importer(815301076,1909f56bfc062723c751e8b465ee728b)  -> (artifact id: 'ed3313a87d0b63be1ed01b7330d19eb1') in 0.004704 seconds
  Import took 0.006287 seconds .

========================================================================
Received Import Request.
  Time since last request: 1.152823 seconds.
  path: Assets/Scripts/RPG/Character
  artifactKey: Guid(23a9c30cf296ad944b274df13d58fb57) Importer(815301076,1909f56bfc062723c751e8b465ee728b)
Start importing Assets/Scripts/RPG/Character using Guid(23a9c30cf296ad944b274df13d58fb57) Importer(815301076,1909f56bfc062723c751e8b465ee728b)  -> (artifact id: '0b41682c16207a57a22f407a764ba542') in 0.004134 seconds
  Import took 0.015437 seconds .

========================================================================
Received Import Request.
  Time since last request: 1.159981 seconds.
  path: Assets/Scripts/RPG/Character/RPGCharacter.cs
  artifactKey: Guid(1497d54400da26949856fa59e8d10e7f) Importer(815301076,1909f56bfc062723c751e8b465ee728b)
Start importing Assets/Scripts/RPG/Character/RPGCharacter.cs using Guid(1497d54400da26949856fa59e8d10e7f) Importer(815301076,1909f56bfc062723c751e8b465ee728b)  -> (artifact id: '8273b77f0e78ed14f9aa37dc76d69919') in 0.004378 seconds
  Import took 0.011523 seconds .

========================================================================
Received Import Request.
  Time since last request: 0.390929 seconds.
  path: Assets/Scripts/RPG/Character/RPGPartyManager.cs
  artifactKey: Guid(d6690b3a6634d2a49a279bef8e6114fb) Importer(815301076,1909f56bfc062723c751e8b465ee728b)
Start importing Assets/Scripts/RPG/Character/RPGPartyManager.cs using Guid(d6690b3a6634d2a49a279bef8e6114fb) Importer(815301076,1909f56bfc062723c751e8b465ee728b)  -> (artifact id: '94f78ad97e751279ef7b54d5e6b274f1') in 0.003972 seconds
  Import took 0.008301 seconds .

========================================================================
Received Import Request.
  Time since last request: 6.269620 seconds.
  path: Assets/Scripts/RPG/Base/RPGStat.cs
  artifactKey: Guid(5a68775c101589d4e95420d7196b6c61) Importer(815301076,1909f56bfc062723c751e8b465ee728b)
Start importing Assets/Scripts/RPG/Base/RPGStat.cs using Guid(5a68775c101589d4e95420d7196b6c61) Importer(815301076,1909f56bfc062723c751e8b465ee728b)  -> (artifact id: 'a5eefddfa4f48c6b6e04cef03d664814') in 0.004042 seconds
  Import took 0.006064 seconds .

========================================================================
Received Import Request.
  Time since last request: 0.000578 seconds.
  path: Assets/Scripts/RPG/Base/RPGStat.cs
  artifactKey: Guid(5a68775c101589d4e95420d7196b6c61) Importer(815301076,1909f56bfc062723c751e8b465ee728b)
Start importing Assets/Scripts/RPG/Base/RPGStat.cs using Guid(5a68775c101589d4e95420d7196b6c61) Importer(815301076,1909f56bfc062723c751e8b465ee728b)  -> (artifact id: 'a5eefddfa4f48c6b6e04cef03d664814') in 0.000933 seconds
  Import took 0.002005 seconds .

========================================================================
Received Import Request.
  Time since last request: 27.762644 seconds.
  path: Assets/Scripts/RPG/Base/RPGPrefab.cs
  artifactKey: Guid(5e62c65fc90770c4db2f49ebdcf0444c) Importer(815301076,1909f56bfc062723c751e8b465ee728b)
Start importing Assets/Scripts/RPG/Base/RPGPrefab.cs using Guid(5e62c65fc90770c4db2f49ebdcf0444c) Importer(815301076,1909f56bfc062723c751e8b465ee728b)  -> (artifact id: 'e5e3bd22d4db8a3524220e1c2febb919') in 0.004337 seconds
  Import took 0.028340 seconds .

========================================================================
Received Import Request.
  Time since last request: 0.001207 seconds.
  path: Assets/Scripts/RPG/Base/RPGPrefab.cs
  artifactKey: Guid(5e62c65fc90770c4db2f49ebdcf0444c) Importer(815301076,1909f56bfc062723c751e8b465ee728b)
Start importing Assets/Scripts/RPG/Base/RPGPrefab.cs using Guid(5e62c65fc90770c4db2f49ebdcf0444c) Importer(815301076,1909f56bfc062723c751e8b465ee728b)  -> (artifact id: 'e5e3bd22d4db8a3524220e1c2febb919') in 0.001324 seconds
  Import took 0.002584 seconds .

========================================================================
Received Import Request.
  Time since last request: 14.406599 seconds.
  path: Assets/Scripts/RPG/Base/RPGPrefabDir.cs
  artifactKey: Guid(5e62c65fc90770c4db2f49ebdcf0444c) Importer(815301076,1909f56bfc062723c751e8b465ee728b)
Start importing Assets/Scripts/RPG/Base/RPGPrefabDir.cs using Guid(5e62c65fc90770c4db2f49ebdcf0444c) Importer(815301076,1909f56bfc062723c751e8b465ee728b)  -> (artifact id: '767f0bb1d8c7f8ea9e43f37c91c265cf') in 0.004178 seconds
  Import took 0.019508 seconds .

========================================================================
Received Import Request.
  Time since last request: 5.680918 seconds.
  path: Assets/Scripts/RPG/Base/RPGPrefabDirectory.cs
  artifactKey: Guid(5e62c65fc90770c4db2f49ebdcf0444c) Importer(815301076,1909f56bfc062723c751e8b465ee728b)
Start importing Assets/Scripts/RPG/Base/RPGPrefabDirectory.cs using Guid(5e62c65fc90770c4db2f49ebdcf0444c) Importer(815301076,1909f56bfc062723c751e8b465ee728b)  -> (artifact id: 'fb2c0f2f1fc1be9f9783ac293f26c850') in 0.005521 seconds
  Import took 0.007525 seconds .

========================================================================
Received Import Request.
  Time since last request: 1191.010103 seconds.
  path: Assets/Scripts/RPG/Base/RPGPrefabDirectory.cs
  artifactKey: Guid(5e62c65fc90770c4db2f49ebdcf0444c) Importer(815301076,1909f56bfc062723c751e8b465ee728b)
Start importing Assets/Scripts/RPG/Base/RPGPrefabDirectory.cs using Guid(5e62c65fc90770c4db2f49ebdcf0444c) Importer(815301076,1909f56bfc062723c751e8b465ee728b)  -> (artifact id: '8193c24f5d59f57fb245892d7705106e') in 0.001289 seconds
  Import took 0.003107 seconds .

========================================================================
Received Prepare
Registering precompiled user dll's ...
Registered in 0.000272 seconds.
Begin MonoManager ReloadAssembly
Native extension for WindowsStandalone target not found
Refreshing native plugins compatible for Editor in 0.21 ms, found 0 plugins.
Preloading 0 native plugins for Editor in 0.00 ms.
Mono: successfully reloaded assembly
- Completed reload, in  0.481 seconds
Platform modules already initialized, skipping
Refreshing native plugins compatible for Editor in 0.21 ms, found 0 plugins.
Preloading 0 native plugins for Editor in 0.00 ms.
Unloading 1188 Unused Serialized files (Serialized files now loaded: 0)
System memory in use before: 74.8 MB.
System memory in use after: 74.9 MB.

Unloading 4 unused Assets to reduce memory usage. Loaded Objects now: 1702.
Total: 1.248900 ms (FindLiveObjects: 0.122000 ms CreateObjectMapping: 0.023400 ms MarkObjects: 1.093200 ms  DeleteObjects: 0.009800 ms)

========================================================================
Received Import Request.
  Time since last request: 908.829802 seconds.
  path: Assets/Scripts/Interface
  artifactKey: Guid(bd0380f33f3e778469d63346c2ba013e) Importer(815301076,1909f56bfc062723c751e8b465ee728b)
Start importing Assets/Scripts/Interface using Guid(bd0380f33f3e778469d63346c2ba013e) Importer(815301076,1909f56bfc062723c751e8b465ee728b)  -> (artifact id: '0f44195bbce3d150d7d92911b17a321a') in 0.005953 seconds
  Import took 0.021000 seconds .

========================================================================
Received Import Request.
  Time since last request: 9.526946 seconds.
  path: Assets/ScriptableObject/Prefab
  artifactKey: Guid(a889badd2eeb3a247a9b3652379d8ccd) Importer(815301076,1909f56bfc062723c751e8b465ee728b)
Start importing Assets/ScriptableObject/Prefab using Guid(a889badd2eeb3a247a9b3652379d8ccd) Importer(815301076,1909f56bfc062723c751e8b465ee728b)  -> (artifact id: 'eac72056f1fcf022a10ee84852aa5bc7') in 0.004264 seconds
  Import took 0.005746 seconds .

========================================================================
Received Import Request.
  Time since last request: 0.001203 seconds.
  path: Assets/ScriptableObject/Prefab
  artifactKey: Guid(a889badd2eeb3a247a9b3652379d8ccd) Importer(815301076,1909f56bfc062723c751e8b465ee728b)
Start importing Assets/ScriptableObject/Prefab using Guid(a889badd2eeb3a247a9b3652379d8ccd) Importer(815301076,1909f56bfc062723c751e8b465ee728b)  -> (artifact id: 'eac72056f1fcf022a10ee84852aa5bc7') in 0.000958 seconds
  Import took 0.001993 seconds .

========================================================================
Received Import Request.
  Time since last request: 8.442862 seconds.
  path: Assets/ScriptableObject/Directory
  artifactKey: Guid(a889badd2eeb3a247a9b3652379d8ccd) Importer(815301076,1909f56bfc062723c751e8b465ee728b)
Start importing Assets/ScriptableObject/Directory using Guid(a889badd2eeb3a247a9b3652379d8ccd) Importer(815301076,1909f56bfc062723c751e8b465ee728b)  -> (artifact id: '4b2a00e86de60d7ec8ab0d82f191e971') in 0.004605 seconds
  Import took 0.011329 seconds .

========================================================================
Received Prepare
Registering precompiled user dll's ...
Registered in 0.000286 seconds.
Begin MonoManager ReloadAssembly
Native extension for WindowsStandalone target not found
Refreshing native plugins compatible for Editor in 0.20 ms, found 0 plugins.
Preloading 0 native plugins for Editor in 0.00 ms.
Mono: successfully reloaded assembly
- Completed reload, in  0.484 seconds
Platform modules already initialized, skipping
Refreshing native plugins compatible for Editor in 0.19 ms, found 0 plugins.
Preloading 0 native plugins for Editor in 0.00 ms.
Unloading 1188 Unused Serialized files (Serialized files now loaded: 0)
System memory in use before: 74.8 MB.
System memory in use after: 74.9 MB.

Unloading 4 unused Assets to reduce memory usage. Loaded Objects now: 1705.
Total: 1.388300 ms (FindLiveObjects: 0.133300 ms CreateObjectMapping: 0.035300 ms MarkObjects: 1.209200 ms  DeleteObjects: 0.009600 ms)

========================================================================
Received Import Request.
  Time since last request: 168.791271 seconds.
  path: Assets/Scripts/Combat/CombatManager.cs
  artifactKey: Guid(ba6b95d6164f577408bcaa4b02bf955b) Importer(815301076,1909f56bfc062723c751e8b465ee728b)
Start importing Assets/Scripts/Combat/CombatManager.cs using Guid(ba6b95d6164f577408bcaa4b02bf955b) Importer(815301076,1909f56bfc062723c751e8b465ee728b)  -> (artifact id: '27b584715500ef742a3eb94ecf082562') in 0.005963 seconds
  Import took 0.024013 seconds .

========================================================================
Received Import Request.
  Time since last request: 0.303297 seconds.
  path: Assets/Scripts/Combat/CombatCharacterManager.cs
  artifactKey: Guid(adc11b63a6d0fec42921ca5fe777df15) Importer(815301076,1909f56bfc062723c751e8b465ee728b)
Start importing Assets/Scripts/Combat/CombatCharacterManager.cs using Guid(adc11b63a6d0fec42921ca5fe777df15) Importer(815301076,1909f56bfc062723c751e8b465ee728b)  -> (artifact id: 'bed659367ebb095f95f76d1eb67f0b36') in 0.004407 seconds
  Import took 0.029887 seconds .

========================================================================
Received Import Request.
  Time since last request: 3.121715 seconds.
  path: Assets/Scripts/Combat/CombatUIManager.cs
  artifactKey: Guid(403a5475f09b15b4b949badffa960df4) Importer(815301076,1909f56bfc062723c751e8b465ee728b)
Start importing Assets/Scripts/Combat/CombatUIManager.cs using Guid(403a5475f09b15b4b949badffa960df4) Importer(815301076,1909f56bfc062723c751e8b465ee728b)  -> (artifact id: '97e9fa575d1efb022714be908d28b614') in 0.003972 seconds
  Import took 0.032657 seconds .

========================================================================
Received Import Request.
  Time since last request: 3.940096 seconds.
  path: Assets/Scripts/RPG/Base/RPGPrefabDirectory.cs
  artifactKey: Guid(5e62c65fc90770c4db2f49ebdcf0444c) Importer(815301076,1909f56bfc062723c751e8b465ee728b)
Start importing Assets/Scripts/RPG/Base/RPGPrefabDirectory.cs using Guid(5e62c65fc90770c4db2f49ebdcf0444c) Importer(815301076,1909f56bfc062723c751e8b465ee728b)  -> (artifact id: 'f60a4e1d50292b305af0528724ce085e') in 0.001170 seconds
  Import took 0.002824 seconds .

========================================================================
Received Import Request.
  Time since last request: 0.002266 seconds.
  path: Assets/Scripts/RPG/Base/RPGPrefabDirectory.cs
  artifactKey: Guid(5e62c65fc90770c4db2f49ebdcf0444c) Importer(815301076,1909f56bfc062723c751e8b465ee728b)
Start importing Assets/Scripts/RPG/Base/RPGPrefabDirectory.cs using Guid(5e62c65fc90770c4db2f49ebdcf0444c) Importer(815301076,1909f56bfc062723c751e8b465ee728b)  -> (artifact id: 'f60a4e1d50292b305af0528724ce085e') in 0.000905 seconds
  Import took 0.001947 seconds .

========================================================================
Received Import Request.
  Time since last request: 12.481382 seconds.
  path: Assets/Scripts/RPG/Base/CharacterPrefabDirectorySO.cs
  artifactKey: Guid(5e62c65fc90770c4db2f49ebdcf0444c) Importer(815301076,1909f56bfc062723c751e8b465ee728b)
Start importing Assets/Scripts/RPG/Base/CharacterPrefabDirectorySO.cs using Guid(5e62c65fc90770c4db2f49ebdcf0444c) Importer(815301076,1909f56bfc062723c751e8b465ee728b)  -> (artifact id: 'e5e5b1efcc4ac3d45c4dab43f14d4026') in 0.013460 seconds
  Import took 0.015207 seconds .

========================================================================
Received Import Request.
  Time since last request: 0.009454 seconds.
  path: Assets/Scripts/RPG/Base/CharacterPrefabDirectorySO.cs
  artifactKey: Guid(5e62c65fc90770c4db2f49ebdcf0444c) Importer(815301076,1909f56bfc062723c751e8b465ee728b)
Start importing Assets/Scripts/RPG/Base/CharacterPrefabDirectorySO.cs using Guid(5e62c65fc90770c4db2f49ebdcf0444c) Importer(815301076,1909f56bfc062723c751e8b465ee728b)  -> (artifact id: 'e5e5b1efcc4ac3d45c4dab43f14d4026') in 0.001176 seconds
  Import took 0.002494 seconds .

========================================================================
Received Prepare
Registering precompiled user dll's ...
Registered in 0.000259 seconds.
Begin MonoManager ReloadAssembly
Native extension for WindowsStandalone target not found
Refreshing native plugins compatible for Editor in 0.20 ms, found 0 plugins.
Preloading 0 native plugins for Editor in 0.00 ms.
Mono: successfully reloaded assembly
- Completed reload, in  0.473 seconds
Platform modules already initialized, skipping
Refreshing native plugins compatible for Editor in 0.19 ms, found 0 plugins.
Preloading 0 native plugins for Editor in 0.00 ms.
Unloading 1188 Unused Serialized files (Serialized files now loaded: 0)
System memory in use before: 74.8 MB.
System memory in use after: 74.9 MB.

Unloading 4 unused Assets to reduce memory usage. Loaded Objects now: 1708.
Total: 1.348400 ms (FindLiveObjects: 0.111800 ms CreateObjectMapping: 0.028700 ms MarkObjects: 1.196500 ms  DeleteObjects: 0.010200 ms)

========================================================================
Received Import Request.
  Time since last request: 22.290467 seconds.
  path: Assets/Scripts/Directory
  artifactKey: Guid(c149cd21604961748b0070dd8098a333) Importer(815301076,1909f56bfc062723c751e8b465ee728b)
Start importing Assets/Scripts/Directory using Guid(c149cd21604961748b0070dd8098a333) Importer(815301076,1909f56bfc062723c751e8b465ee728b)  -> (artifact id: '2a5386338e22cbaf8f9dbd857c76b7bd') in 0.002815 seconds
  Import took 0.004272 seconds .

========================================================================
Received Prepare
Registering precompiled user dll's ...
Registered in 0.000306 seconds.
Begin MonoManager ReloadAssembly
Native extension for WindowsStandalone target not found
Refreshing native plugins compatible for Editor in 0.23 ms, found 0 plugins.
Preloading 0 native plugins for Editor in 0.00 ms.
Mono: successfully reloaded assembly
- Completed reload, in  0.493 seconds
Platform modules already initialized, skipping
Refreshing native plugins compatible for Editor in 0.20 ms, found 0 plugins.
Preloading 0 native plugins for Editor in 0.00 ms.
Unloading 1188 Unused Serialized files (Serialized files now loaded: 0)
System memory in use before: 74.8 MB.
System memory in use after: 74.9 MB.

Unloading 4 unused Assets to reduce memory usage. Loaded Objects now: 1711.
Total: 1.943500 ms (FindLiveObjects: 0.160900 ms CreateObjectMapping: 0.033400 ms MarkObjects: 1.733000 ms  DeleteObjects: 0.015100 ms)

========================================================================
Received Import Request.
  Time since last request: 15.576539 seconds.
  path: Assets/Scripts/Directory/PrefabDirectorySO.cs
  artifactKey: Guid(3c345817c08207245bb33851aa4046f2) Importer(815301076,1909f56bfc062723c751e8b465ee728b)
Start importing Assets/Scripts/Directory/PrefabDirectorySO.cs using Guid(3c345817c08207245bb33851aa4046f2) Importer(815301076,1909f56bfc062723c751e8b465ee728b)  -> (artifact id: '77e5eb848f1ba75e692e279de640ad81') in 0.006858 seconds
  Import took 0.008866 seconds .

========================================================================
Received Import Request.
  Time since last request: 0.012149 seconds.
  path: Assets/Scripts/Directory/PrefabDirectorySO.cs
  artifactKey: Guid(3c345817c08207245bb33851aa4046f2) Importer(815301076,1909f56bfc062723c751e8b465ee728b)
Start importing Assets/Scripts/Directory/PrefabDirectorySO.cs using Guid(3c345817c08207245bb33851aa4046f2) Importer(815301076,1909f56bfc062723c751e8b465ee728b)  -> (artifact id: '77e5eb848f1ba75e692e279de640ad81') in 0.001330 seconds
  Import took 0.003003 seconds .

========================================================================
Received Prepare
Registering precompiled user dll's ...
Registered in 0.000258 seconds.
Begin MonoManager ReloadAssembly
Native extension for WindowsStandalone target not found
Refreshing native plugins compatible for Editor in 0.20 ms, found 0 plugins.
Preloading 0 native plugins for Editor in 0.00 ms.
Mono: successfully reloaded assembly
- Completed reload, in  0.471 seconds
Platform modules already initialized, skipping
Refreshing native plugins compatible for Editor in 0.20 ms, found 0 plugins.
Preloading 0 native plugins for Editor in 0.00 ms.
Unloading 1189 Unused Serialized files (Serialized files now loaded: 0)
System memory in use before: 74.8 MB.
System memory in use after: 74.9 MB.

Unloading 4 unused Assets to reduce memory usage. Loaded Objects now: 1715.
Total: 1.189000 ms (FindLiveObjects: 0.098600 ms CreateObjectMapping: 0.027200 ms MarkObjects: 1.053800 ms  DeleteObjects: 0.008500 ms)

========================================================================
Received Prepare
Registering precompiled user dll's ...
Registered in 0.000314 seconds.
Begin MonoManager ReloadAssembly
Native extension for WindowsStandalone target not found
Refreshing native plugins compatible for Editor in 0.20 ms, found 0 plugins.
Preloading 0 native plugins for Editor in 0.00 ms.
Mono: successfully reloaded assembly
- Completed reload, in  0.495 seconds
Platform modules already initialized, skipping
Refreshing native plugins compatible for Editor in 0.21 ms, found 0 plugins.
Preloading 0 native plugins for Editor in 0.00 ms.
Unloading 1189 Unused Serialized files (Serialized files now loaded: 0)
System memory in use before: 74.8 MB.
System memory in use after: 74.9 MB.

Unloading 4 unused Assets to reduce memory usage. Loaded Objects now: 1718.
Total: 1.979600 ms (FindLiveObjects: 0.138700 ms CreateObjectMapping: 0.024300 ms MarkObjects: 1.802900 ms  DeleteObjects: 0.012900 ms)

========================================================================
Received Import Request.
  Time since last request: 29.865602 seconds.
  path: Assets/Scripts/Directory/PrefabDirectorySO.cs
  artifactKey: Guid(3c345817c08207245bb33851aa4046f2) Importer(815301076,1909f56bfc062723c751e8b465ee728b)
Start importing Assets/Scripts/Directory/PrefabDirectorySO.cs using Guid(3c345817c08207245bb33851aa4046f2) Importer(815301076,1909f56bfc062723c751e8b465ee728b)  -> (artifact id: '9862a9ca7278fa8cfe168d8ccfa8878d') in 0.002854 seconds
  Import took 0.004337 seconds .

========================================================================
Received Prepare
Registering precompiled user dll's ...
Registered in 0.000313 seconds.
Begin MonoManager ReloadAssembly
Native extension for WindowsStandalone target not found
Refreshing native plugins compatible for Editor in 0.20 ms, found 0 plugins.
Preloading 0 native plugins for Editor in 0.00 ms.
Mono: successfully reloaded assembly
- Completed reload, in  0.479 seconds
Platform modules already initialized, skipping
Refreshing native plugins compatible for Editor in 0.25 ms, found 0 plugins.
Preloading 0 native plugins for Editor in 0.00 ms.
Unloading 1189 Unused Serialized files (Serialized files now loaded: 0)
System memory in use before: 74.8 MB.
System memory in use after: 74.9 MB.

Unloading 4 unused Assets to reduce memory usage. Loaded Objects now: 1721.
Total: 1.275900 ms (FindLiveObjects: 0.112300 ms CreateObjectMapping: 0.027000 ms MarkObjects: 1.126700 ms  DeleteObjects: 0.009100 ms)

========================================================================
Received Import Request.
  Time since last request: 29.097356 seconds.
  path: Assets/Scripts/Directory/CharacterPrefabDirectorySO.cs
  artifactKey: Guid(5e62c65fc90770c4db2f49ebdcf0444c) Importer(815301076,1909f56bfc062723c751e8b465ee728b)
Start importing Assets/Scripts/Directory/CharacterPrefabDirectorySO.cs using Guid(5e62c65fc90770c4db2f49ebdcf0444c) Importer(815301076,1909f56bfc062723c751e8b465ee728b)  -> (artifact id: '2067262a14944c0e1bff253e714d9150') in 0.002710 seconds
  Import took 0.013586 seconds .

========================================================================
Received Import Request.
  Time since last request: 30.009523 seconds.
  path: Assets/ScriptableObject/Directory/Character Prefab Directory.asset
  artifactKey: Guid(2139284845d0ffa45a74024e52316ac8) Importer(815301076,1909f56bfc062723c751e8b465ee728b)
Start importing Assets/ScriptableObject/Directory/Character Prefab Directory.asset using Guid(2139284845d0ffa45a74024e52316ac8) Importer(815301076,1909f56bfc062723c751e8b465ee728b)  -> (artifact id: 'c9dc0fbd14e0cf1a80c3afbbfc470beb') in 0.010894 seconds
  Import took 0.013147 seconds .

========================================================================
Received Import Request.
  Time since last request: 0.002860 seconds.
  path: Assets/ScriptableObject/Directory/Character Prefab Directory.asset
  artifactKey: Guid(2139284845d0ffa45a74024e52316ac8) Importer(815301076,1909f56bfc062723c751e8b465ee728b)
Start importing Assets/ScriptableObject/Directory/Character Prefab Directory.asset using Guid(2139284845d0ffa45a74024e52316ac8) Importer(815301076,1909f56bfc062723c751e8b465ee728b)  -> (artifact id: 'c9dc0fbd14e0cf1a80c3afbbfc470beb') in 0.001273 seconds
  Import took 0.002442 seconds .

========================================================================
Received Import Request.
  Time since last request: 13.920312 seconds.
  path: Assets/ScriptableObject/Directory/Char_Prefab_SO 1.asset
  artifactKey: Guid(2139284845d0ffa45a74024e52316ac8) Importer(815301076,1909f56bfc062723c751e8b465ee728b)
Start importing Assets/ScriptableObject/Directory/Char_Prefab_SO 1.asset using Guid(2139284845d0ffa45a74024e52316ac8) Importer(815301076,1909f56bfc062723c751e8b465ee728b)  -> (artifact id: 'e9bc945114f447c55765c525392da26c') in 0.004514 seconds
  Import took 0.006384 seconds .

========================================================================
Received Import Request.
  Time since last request: 6.674754 seconds.
  path: Assets/ScriptableObject/Directory/Char_PrefabDir_SO 1.asset
  artifactKey: Guid(2139284845d0ffa45a74024e52316ac8) Importer(815301076,1909f56bfc062723c751e8b465ee728b)
Start importing Assets/ScriptableObject/Directory/Char_PrefabDir_SO 1.asset using Guid(2139284845d0ffa45a74024e52316ac8) Importer(815301076,1909f56bfc062723c751e8b465ee728b)  -> (artifact id: 'f95d85f497a53afce92639a8253c66ad') in 0.004327 seconds
  Import took 0.007337 seconds .

========================================================================
Received Import Request.
  Time since last request: 7.641880 seconds.
  path: Assets/ScriptableObject/Directory/Char_PrefabDir_SO_Default.asset
  artifactKey: Guid(2139284845d0ffa45a74024e52316ac8) Importer(815301076,1909f56bfc062723c751e8b465ee728b)
Start importing Assets/ScriptableObject/Directory/Char_PrefabDir_SO_Default.asset using Guid(2139284845d0ffa45a74024e52316ac8) Importer(815301076,1909f56bfc062723c751e8b465ee728b)  -> (artifact id: '0d43331b41414d2df4339db62cfa1d64') in 0.004338 seconds
  Import took 0.006129 seconds .

========================================================================
Received Import Request.
  Time since last request: 23.227234 seconds.
  path: Assets/ScriptableObject/Directory/Character Prefab Directory 1.asset
  artifactKey: Guid(2139284845d0ffa45a74024e52316ac8) Importer(815301076,1909f56bfc062723c751e8b465ee728b)
Start importing Assets/ScriptableObject/Directory/Character Prefab Directory 1.asset using Guid(2139284845d0ffa45a74024e52316ac8) Importer(815301076,1909f56bfc062723c751e8b465ee728b)  -> (artifact id: 'beae42525682acd717f3f0ee9b4f0e41') in 0.006307 seconds
  Import took 0.008379 seconds .

========================================================================
Received Import Request.
  Time since last request: 247.462838 seconds.
  path: Assets/ScriptableObject/Directory/Character Prefab Directory 1.asset
  artifactKey: Guid(2139284845d0ffa45a74024e52316ac8) Importer(815301076,1909f56bfc062723c751e8b465ee728b)
Start importing Assets/ScriptableObject/Directory/Character Prefab Directory 1.asset using Guid(2139284845d0ffa45a74024e52316ac8) Importer(815301076,1909f56bfc062723c751e8b465ee728b)  -> (artifact id: 'a8d13549ee634f7f042f95a9b4f3af09') in 0.001633 seconds
  Import took 0.003238 seconds .

========================================================================
Received Import Request.
  Time since last request: 0.013410 seconds.
  path: Assets/ScriptableObject/Directory/Character Prefab Directory 1.asset
  artifactKey: Guid(2139284845d0ffa45a74024e52316ac8) Importer(815301076,1909f56bfc062723c751e8b465ee728b)
Start importing Assets/ScriptableObject/Directory/Character Prefab Directory 1.asset using Guid(2139284845d0ffa45a74024e52316ac8) Importer(815301076,1909f56bfc062723c751e8b465ee728b)  -> (artifact id: 'a8d13549ee634f7f042f95a9b4f3af09') in 0.001249 seconds
  Import took 0.002397 seconds .

========================================================================
Received Import Request.
  Time since last request: 28.912130 seconds.
  path: Assets/Scripts/Editor/SO_CharacterPrefabDirectory_Editor.cs
  artifactKey: Guid(731c8d3392d9b4c47a4dbde4e32d3363) Importer(815301076,1909f56bfc062723c751e8b465ee728b)
Start importing Assets/Scripts/Editor/SO_CharacterPrefabDirectory_Editor.cs using Guid(731c8d3392d9b4c47a4dbde4e32d3363) Importer(815301076,1909f56bfc062723c751e8b465ee728b)  -> (artifact id: '2e03b4633fc414276e74a1b801db46d4') in 0.003944 seconds
  Import took 0.108407 seconds .

========================================================================
Received Prepare
Registering precompiled user dll's ...
Registered in 0.000277 seconds.
Begin MonoManager ReloadAssembly
Native extension for WindowsStandalone target not found
Refreshing native plugins compatible for Editor in 0.21 ms, found 0 plugins.
Preloading 0 native plugins for Editor in 0.00 ms.
Mono: successfully reloaded assembly
- Completed reload, in  0.495 seconds
Platform modules already initialized, skipping
Refreshing native plugins compatible for Editor in 0.21 ms, found 0 plugins.
Preloading 0 native plugins for Editor in 0.00 ms.
Unloading 1190 Unused Serialized files (Serialized files now loaded: 0)
System memory in use before: 74.9 MB.
System memory in use after: 75.0 MB.

Unloading 4 unused Assets to reduce memory usage. Loaded Objects now: 1725.
Total: 1.392200 ms (FindLiveObjects: 0.137100 ms CreateObjectMapping: 0.029200 ms MarkObjects: 1.214200 ms  DeleteObjects: 0.011000 ms)

========================================================================
Received Prepare
Registering precompiled user dll's ...
Registered in 0.000334 seconds.
Begin MonoManager ReloadAssembly
Native extension for WindowsStandalone target not found
Refreshing native plugins compatible for Editor in 0.20 ms, found 0 plugins.
Preloading 0 native plugins for Editor in 0.00 ms.
Mono: successfully reloaded assembly
- Completed reload, in  0.498 seconds
Platform modules already initialized, skipping
Refreshing native plugins compatible for Editor in 0.20 ms, found 0 plugins.
Preloading 0 native plugins for Editor in 0.00 ms.
Unloading 1190 Unused Serialized files (Serialized files now loaded: 0)
System memory in use before: 74.9 MB.
System memory in use after: 75.0 MB.

Unloading 4 unused Assets to reduce memory usage. Loaded Objects now: 1728.
Total: 1.693100 ms (FindLiveObjects: 0.197800 ms CreateObjectMapping: 0.033300 ms MarkObjects: 1.452000 ms  DeleteObjects: 0.009100 ms)

========================================================================
Received Import Request.
  Time since last request: 1421.773142 seconds.
  path: Assets/Scripts/Editor/SO_CharacterPrefabDirectory_Editor.cs
  artifactKey: Guid(731c8d3392d9b4c47a4dbde4e32d3363) Importer(815301076,1909f56bfc062723c751e8b465ee728b)
Start importing Assets/Scripts/Editor/SO_CharacterPrefabDirectory_Editor.cs using Guid(731c8d3392d9b4c47a4dbde4e32d3363) Importer(815301076,1909f56bfc062723c751e8b465ee728b)  -> (artifact id: '8ccdb7f9e123d10543315a1697951353') in 0.002709 seconds
  Import took 0.004469 seconds .

========================================================================
Received Prepare
Registering precompiled user dll's ...
Registered in 0.000283 seconds.
Begin MonoManager ReloadAssembly
Native extension for WindowsStandalone target not found
Refreshing native plugins compatible for Editor in 0.20 ms, found 0 plugins.
Preloading 0 native plugins for Editor in 0.00 ms.
Mono: successfully reloaded assembly
- Completed reload, in  0.490 seconds
Platform modules already initialized, skipping
Refreshing native plugins compatible for Editor in 0.22 ms, found 0 plugins.
Preloading 0 native plugins for Editor in 0.00 ms.
Unloading 1190 Unused Serialized files (Serialized files now loaded: 0)
System memory in use before: 75.0 MB.
System memory in use after: 75.1 MB.

Unloading 4 unused Assets to reduce memory usage. Loaded Objects now: 1731.
Total: 1.374700 ms (FindLiveObjects: 0.125600 ms CreateObjectMapping: 0.030100 ms MarkObjects: 1.207500 ms  DeleteObjects: 0.010300 ms)

========================================================================
Received Import Request.
  Time since last request: 716.812620 seconds.
  path: Assets/Scripts/Editor/SO_CombatFlow_Editor.cs
  artifactKey: Guid(d20784138e0118247a0f14d77ba5a4cd) Importer(815301076,1909f56bfc062723c751e8b465ee728b)
Start importing Assets/Scripts/Editor/SO_CombatFlow_Editor.cs using Guid(d20784138e0118247a0f14d77ba5a4cd) Importer(815301076,1909f56bfc062723c751e8b465ee728b)  -> (artifact id: 'caf9ff55065fa039af303b7e768010fd') in 0.005989 seconds
  Import took 0.007488 seconds .

========================================================================
Received Import Request.
  Time since last request: 0.784632 seconds.
  path: Assets/Scripts/Editor/SO_CharacterPrefabDirectory_Editor.cs
  artifactKey: Guid(731c8d3392d9b4c47a4dbde4e32d3363) Importer(815301076,1909f56bfc062723c751e8b465ee728b)
Start importing Assets/Scripts/Editor/SO_CharacterPrefabDirectory_Editor.cs using Guid(731c8d3392d9b4c47a4dbde4e32d3363) Importer(815301076,1909f56bfc062723c751e8b465ee728b)  -> (artifact id: 'f44b62abc2da268dc52fa831951690fd') in 0.004111 seconds
  Import took 0.005576 seconds .

========================================================================
Received Import Request.
  Time since last request: 0.000198 seconds.
  path: Assets/Scripts/Editor/SO_CharacterPrefabDirectory_Editor.cs
  artifactKey: Guid(731c8d3392d9b4c47a4dbde4e32d3363) Importer(815301076,1909f56bfc062723c751e8b465ee728b)
Start importing Assets/Scripts/Editor/SO_CharacterPrefabDirectory_Editor.cs using Guid(731c8d3392d9b4c47a4dbde4e32d3363) Importer(815301076,1909f56bfc062723c751e8b465ee728b)  -> (artifact id: 'f44b62abc2da268dc52fa831951690fd') in 0.000886 seconds
  Import took 0.001864 seconds .

========================================================================
Received Prepare
Registering precompiled user dll's ...
Registered in 0.000318 seconds.
Begin MonoManager ReloadAssembly
Native extension for WindowsStandalone target not found
Refreshing native plugins compatible for Editor in 0.20 ms, found 0 plugins.
Preloading 0 native plugins for Editor in 0.00 ms.
Mono: successfully reloaded assembly
- Completed reload, in  0.484 seconds
Platform modules already initialized, skipping
Refreshing native plugins compatible for Editor in 0.20 ms, found 0 plugins.
Preloading 0 native plugins for Editor in 0.00 ms.
Unloading 1190 Unused Serialized files (Serialized files now loaded: 0)
System memory in use before: 75.0 MB.
System memory in use after: 75.1 MB.

Unloading 4 unused Assets to reduce memory usage. Loaded Objects now: 1734.
Total: 1.705400 ms (FindLiveObjects: 0.153100 ms CreateObjectMapping: 0.057500 ms MarkObjects: 1.484100 ms  DeleteObjects: 0.009800 ms)

========================================================================
Received Prepare
Registering precompiled user dll's ...
Registered in 0.000289 seconds.
Begin MonoManager ReloadAssembly
Native extension for WindowsStandalone target not found
Refreshing native plugins compatible for Editor in 0.21 ms, found 0 plugins.
Preloading 0 native plugins for Editor in 0.00 ms.
Mono: successfully reloaded assembly
- Completed reload, in  0.478 seconds
Platform modules already initialized, skipping
Refreshing native plugins compatible for Editor in 0.20 ms, found 0 plugins.
Preloading 0 native plugins for Editor in 0.00 ms.
Unloading 1190 Unused Serialized files (Serialized files now loaded: 0)
System memory in use before: 75.0 MB.
System memory in use after: 75.1 MB.

Unloading 4 unused Assets to reduce memory usage. Loaded Objects now: 1737.
Total: 1.444300 ms (FindLiveObjects: 0.132300 ms CreateObjectMapping: 0.035000 ms MarkObjects: 1.267000 ms  DeleteObjects: 0.009100 ms)

========================================================================
Received Prepare
Registering precompiled user dll's ...
Registered in 0.000300 seconds.
Begin MonoManager ReloadAssembly
Native extension for WindowsStandalone target not found
Refreshing native plugins compatible for Editor in 0.20 ms, found 0 plugins.
Preloading 0 native plugins for Editor in 0.00 ms.
Mono: successfully reloaded assembly
- Completed reload, in  0.485 seconds
Platform modules already initialized, skipping
Refreshing native plugins compatible for Editor in 0.20 ms, found 0 plugins.
Preloading 0 native plugins for Editor in 0.00 ms.
Unloading 1190 Unused Serialized files (Serialized files now loaded: 0)
System memory in use before: 75.0 MB.
System memory in use after: 75.1 MB.

Unloading 4 unused Assets to reduce memory usage. Loaded Objects now: 1740.
Total: 1.440300 ms (FindLiveObjects: 0.245200 ms CreateObjectMapping: 0.035200 ms MarkObjects: 1.150000 ms  DeleteObjects: 0.009200 ms)

AssetImportWorkerClient::OnTransportError - code=2 error=End of file
